
## ---------------------- ##
## Running config.status. ##
## ---------------------- ##

This file was extended by OpenVPN config.status 2.1.1, which was
generated by GNU Autoconf 2.61.  Invocation command line was

  CONFIG_FILES    = 
  CONFIG_HEADERS  = 
  CONFIG_LINKS    = 
  CONFIG_COMMANDS = 
  $ ./config.status service-win32/Makefile depfiles

on wireless-pub1

config.status:669: creating service-win32/Makefile
config.status:1110: executing depfiles commands

## ---------------------- ##
## Running config.status. ##
## ---------------------- ##

This file was extended by OpenVPN config.status 2.1.1, which was
generated by GNU Autoconf 2.61.  Invocation command line was

  CONFIG_FILES    = 
  CONFIG_HEADERS  = 
  CONFIG_LINKS    = 
  CONFIG_COMMANDS = 
  $ ./config.status images/Makefile

on wireless-pub1

config.status:669: creating images/Makefile

## ---------------------- ##
## Running config.status. ##
## ---------------------- ##

This file was extended by OpenVPN config.status 2.1.1, which was
generated by GNU Autoconf 2.61.  Invocation command line was

  CONFIG_FILES    = 
  CONFIG_HEADERS  = 
  CONFIG_LINKS    = 
  CONFIG_COMMANDS = 
  $ ./config.status install-win32/Makefile

on wireless-pub1

config.status:669: creating install-win32/Makefile

## ---------------------- ##
## Running config.status. ##
## ---------------------- ##

This file was extended by OpenVPN config.status 2.1.1, which was
generated by GNU Autoconf 2.61.  Invocation command line was

  CONFIG_FILES    = 
  CONFIG_HEADERS  = 
  CONFIG_LINKS    = 
  CONFIG_COMMANDS = 
  $ ./config.status images/Makefile

on wireless-pub1

config.status:669: creating images/Makefile

## ---------------------- ##
## Running config.status. ##
## ---------------------- ##

This file was extended by OpenVPN config.status 2.1.1, which was
generated by GNU Autoconf 2.61.  Invocation command line was

  CONFIG_FILES    = 
  CONFIG_HEADERS  = 
  CONFIG_LINKS    = 
  CONFIG_COMMANDS = 
  $ ./config.status images/Makefile

on wireless-pub1

config.status:669: creating images/Makefile

## ---------------------- ##
## Running config.status. ##
## ---------------------- ##

This file was extended by OpenVPN config.status 2.1.1, which was
generated by GNU Autoconf 2.61.  Invocation command line was

  CONFIG_FILES    = 
  CONFIG_HEADERS  = 
  CONFIG_LINKS    = 
  CONFIG_COMMANDS = 
  $ ./config.status install-win32/Makefile

on wireless-pub1

config.status:669: creating install-win32/Makefile
